2023-12-12 17:17:47.740+0000 INFO  Starting...
2023-12-12 17:17:48.243+0000 INFO  This instance is ServerId{f3aead40} (f3aead40-42ec-4c42-8b95-01b98de3f3c5)
2023-12-12 17:17:48.991+0000 INFO  ======== Neo4j 5.3.0 ========
2023-12-12 17:18:28.815+0000 INFO  Bolt enabled on 0.0.0.0:7687.
2023-12-12 17:18:29.554+0000 INFO  Remote interface available at http://localhost:7474/
2023-12-12 17:18:29.558+0000 INFO  id: 2C51139A1BC489C332CA11AE7D673E4C358A435DF8DD0BC7692482D7F73778A4
2023-12-12 17:18:29.560+0000 INFO  name: system
2023-12-12 17:18:29.561+0000 INFO  creationDate: 2023-12-12T17:17:49.785Z
2023-12-12 17:18:29.562+0000 INFO  Started.
2023-12-12 17:19:02.980+0000 INFO  Neo4j Server shutdown initiated by request
2023-12-12 17:19:02.982+0000 INFO  Stopping...
2023-12-12 17:19:08.583+0000 INFO  Stopped.
2023-12-12 17:31:26.467+0000 INFO  Starting...
2023-12-12 17:31:26.926+0000 INFO  This instance is ServerId{f3aead40} (f3aead40-42ec-4c42-8b95-01b98de3f3c5)
2023-12-12 17:31:27.685+0000 INFO  ======== Neo4j 5.3.0 ========
2023-12-12 17:31:30.618+0000 INFO  Bolt enabled on 0.0.0.0:7687.
2023-12-12 17:31:31.341+0000 INFO  Remote interface available at http://localhost:7474/
2023-12-12 17:31:31.346+0000 INFO  id: 2C51139A1BC489C332CA11AE7D673E4C358A435DF8DD0BC7692482D7F73778A4
2023-12-12 17:31:31.347+0000 INFO  name: system
2023-12-12 17:31:31.348+0000 INFO  creationDate: 2023-12-12T17:17:49.785Z
2023-12-12 17:31:31.349+0000 INFO  Started.
2023-12-12 17:34:52.801+0000 WARN  The client is unauthorized due to authentication failure.
2023-12-12 17:34:52.848+0000 WARN  The client is unauthorized due to authentication failure.
2023-12-12 17:35:00.694+0000 WARN  The client is unauthorized due to authentication failure.
2023-12-12 18:49:48.618+0000 INFO  Neo4j Server shutdown initiated by request
2023-12-12 18:49:48.620+0000 INFO  Stopping...
2023-12-12 18:49:53.758+0000 INFO  Stopped.
2023-12-12 22:42:22.835+0000 INFO  Starting...
2023-12-12 22:42:23.447+0000 INFO  This instance is ServerId{f3aead40} (f3aead40-42ec-4c42-8b95-01b98de3f3c5)
2023-12-12 22:42:24.464+0000 INFO  ======== Neo4j 5.3.0 ========
2023-12-12 22:42:28.090+0000 INFO  Bolt enabled on 0.0.0.0:7687.
2023-12-12 22:42:29.107+0000 INFO  Remote interface available at http://localhost:7474/
2023-12-12 22:42:29.113+0000 INFO  id: 2C51139A1BC489C332CA11AE7D673E4C358A435DF8DD0BC7692482D7F73778A4
2023-12-12 22:42:29.115+0000 INFO  name: system
2023-12-12 22:42:29.116+0000 INFO  creationDate: 2023-12-12T17:17:49.785Z
2023-12-12 22:42:29.118+0000 INFO  Started.
2023-12-12 23:18:06.808+0000 INFO  Neo4j Server shutdown initiated by request
2023-12-12 23:18:06.813+0000 INFO  Stopping...
2023-12-12 23:18:11.936+0000 INFO  Stopped.
2023-12-13 10:48:59.629+0000 INFO  Starting...
2023-12-13 10:49:00.232+0000 INFO  This instance is ServerId{f3aead40} (f3aead40-42ec-4c42-8b95-01b98de3f3c5)
2023-12-13 10:49:01.383+0000 INFO  ======== Neo4j 5.3.0 ========
2023-12-13 10:49:06.064+0000 INFO  Bolt enabled on 0.0.0.0:7687.
2023-12-13 10:49:06.950+0000 INFO  Remote interface available at http://localhost:7474/
2023-12-13 10:49:06.955+0000 INFO  id: 2C51139A1BC489C332CA11AE7D673E4C358A435DF8DD0BC7692482D7F73778A4
2023-12-13 10:49:06.956+0000 INFO  name: system
2023-12-13 10:49:06.957+0000 INFO  creationDate: 2023-12-12T17:17:49.785Z
2023-12-13 10:49:06.958+0000 INFO  Started.
2023-12-13 10:54:45.326+0000 INFO  Neo4j Server shutdown initiated by request
2023-12-13 10:54:45.327+0000 INFO  Stopping...
2023-12-13 10:54:50.382+0000 INFO  Stopped.
2023-12-13 22:14:47.348+0000 INFO  Starting...
2023-12-13 22:14:47.967+0000 INFO  This instance is ServerId{f3aead40} (f3aead40-42ec-4c42-8b95-01b98de3f3c5)
2023-12-13 22:14:48.972+0000 INFO  ======== Neo4j 5.3.0 ========
2023-12-13 22:14:53.225+0000 INFO  Bolt enabled on 0.0.0.0:7687.
2023-12-13 22:14:54.048+0000 INFO  Remote interface available at http://localhost:7474/
2023-12-13 22:14:54.054+0000 INFO  id: 2C51139A1BC489C332CA11AE7D673E4C358A435DF8DD0BC7692482D7F73778A4
2023-12-13 22:14:54.055+0000 INFO  name: system
2023-12-13 22:14:54.056+0000 INFO  creationDate: 2023-12-12T17:17:49.785Z
2023-12-13 22:14:54.057+0000 INFO  Started.
2023-12-14 10:00:44.104+0000 INFO  Neo4j Server shutdown initiated by request
2023-12-14 10:00:44.109+0000 INFO  Stopping...
2023-12-14 10:00:49.297+0000 INFO  Stopped.
2023-12-14 10:04:00.662+0000 INFO  Starting...
2023-12-14 10:04:01.182+0000 INFO  This instance is ServerId{f3aead40} (f3aead40-42ec-4c42-8b95-01b98de3f3c5)
2023-12-14 10:04:02.064+0000 INFO  ======== Neo4j 5.3.0 ========
2023-12-14 10:04:05.484+0000 INFO  Bolt enabled on 0.0.0.0:7687.
2023-12-14 10:04:06.408+0000 INFO  Remote interface available at http://localhost:7474/
2023-12-14 10:04:06.415+0000 INFO  id: 2C51139A1BC489C332CA11AE7D673E4C358A435DF8DD0BC7692482D7F73778A4
2023-12-14 10:04:06.417+0000 INFO  name: system
2023-12-14 10:04:06.418+0000 INFO  creationDate: 2023-12-12T17:17:49.785Z
2023-12-14 10:04:06.419+0000 INFO  Started.
2023-12-14 10:42:12.878+0000 INFO  Neo4j Server shutdown initiated by request
2023-12-14 10:42:12.881+0000 INFO  Stopping...
2023-12-14 10:42:18.634+0000 INFO  Stopped.
2023-12-14 11:41:15.263+0000 INFO  Starting...
2023-12-14 11:41:15.811+0000 INFO  This instance is ServerId{f3aead40} (f3aead40-42ec-4c42-8b95-01b98de3f3c5)
2023-12-14 11:41:16.810+0000 INFO  ======== Neo4j 5.3.0 ========
2023-12-14 11:41:20.130+0000 INFO  Bolt enabled on 0.0.0.0:7687.
2023-12-14 11:41:21.086+0000 INFO  Remote interface available at http://localhost:7474/
2023-12-14 11:41:21.090+0000 INFO  id: 2C51139A1BC489C332CA11AE7D673E4C358A435DF8DD0BC7692482D7F73778A4
2023-12-14 11:41:21.092+0000 INFO  name: system
2023-12-14 11:41:21.093+0000 INFO  creationDate: 2023-12-12T17:17:49.785Z
2023-12-14 11:41:21.094+0000 INFO  Started.
2023-12-14 12:40:51.865+0000 INFO  Neo4j Server shutdown initiated by request
2023-12-14 12:40:51.867+0000 INFO  Stopping...
2023-12-14 12:40:57.023+0000 INFO  Stopped.
2023-12-15 16:54:30.081+0000 INFO  Starting...
2023-12-15 16:54:30.775+0000 INFO  This instance is ServerId{f3aead40} (f3aead40-42ec-4c42-8b95-01b98de3f3c5)
2023-12-15 16:54:31.957+0000 INFO  ======== Neo4j 5.3.0 ========
2023-12-15 16:54:36.322+0000 INFO  Bolt enabled on 0.0.0.0:7687.
2023-12-15 16:54:37.676+0000 INFO  Remote interface available at http://localhost:7474/
2023-12-15 16:54:37.683+0000 INFO  id: 2C51139A1BC489C332CA11AE7D673E4C358A435DF8DD0BC7692482D7F73778A4
2023-12-15 16:54:37.686+0000 INFO  name: system
2023-12-15 16:54:37.695+0000 INFO  creationDate: 2023-12-12T17:17:49.785Z
2023-12-15 16:54:37.696+0000 INFO  Started.
2023-12-18 10:59:35.044+0000 INFO  Neo4j Server shutdown initiated by request
2023-12-18 10:59:35.048+0000 INFO  Stopping...
2023-12-18 10:59:40.585+0000 INFO  Stopped.
2023-12-18 11:59:55.294+0000 INFO  Starting...
2023-12-18 11:59:55.962+0000 INFO  This instance is ServerId{f3aead40} (f3aead40-42ec-4c42-8b95-01b98de3f3c5)
2023-12-18 11:59:57.120+0000 INFO  ======== Neo4j 5.3.0 ========
2023-12-18 12:00:01.183+0000 INFO  Bolt enabled on 0.0.0.0:7687.
2023-12-18 12:00:02.172+0000 INFO  Remote interface available at http://localhost:7474/
2023-12-18 12:00:02.178+0000 INFO  id: 2C51139A1BC489C332CA11AE7D673E4C358A435DF8DD0BC7692482D7F73778A4
2023-12-18 12:00:02.180+0000 INFO  name: system
2023-12-18 12:00:02.181+0000 INFO  creationDate: 2023-12-12T17:17:49.785Z
2023-12-18 12:00:02.182+0000 INFO  Started.
2023-12-18 12:32:35.329+0000 INFO  Neo4j Server shutdown initiated by request
2023-12-18 12:32:35.332+0000 INFO  Stopping...
2023-12-18 12:32:40.483+0000 INFO  Stopped.
2023-12-18 14:54:04.056+0000 INFO  Starting...
2023-12-18 14:54:04.636+0000 INFO  This instance is ServerId{f3aead40} (f3aead40-42ec-4c42-8b95-01b98de3f3c5)
2023-12-18 14:54:05.637+0000 INFO  ======== Neo4j 5.3.0 ========
2023-12-18 14:54:12.330+0000 INFO  Bolt enabled on 0.0.0.0:7687.
2023-12-18 14:54:14.464+0000 INFO  Remote interface available at http://localhost:7474/
2023-12-18 14:54:14.482+0000 INFO  id: 2C51139A1BC489C332CA11AE7D673E4C358A435DF8DD0BC7692482D7F73778A4
2023-12-18 14:54:14.484+0000 INFO  name: system
2023-12-18 14:54:14.486+0000 INFO  creationDate: 2023-12-12T17:17:49.785Z
2023-12-18 14:54:14.488+0000 INFO  Started.
2023-12-18 15:47:22.490+0000 INFO  Neo4j Server shutdown initiated by request
2023-12-18 15:47:22.495+0000 INFO  Stopping...
2023-12-18 15:47:27.642+0000 INFO  Stopped.
2023-12-18 17:22:49.454+0000 INFO  Starting...
2023-12-18 17:22:49.985+0000 INFO  This instance is ServerId{f3aead40} (f3aead40-42ec-4c42-8b95-01b98de3f3c5)
2023-12-18 17:22:50.905+0000 INFO  ======== Neo4j 5.3.0 ========
2023-12-18 17:22:54.234+0000 INFO  Bolt enabled on 0.0.0.0:7687.
2023-12-18 17:22:55.154+0000 INFO  Remote interface available at http://localhost:7474/
2023-12-18 17:22:55.159+0000 INFO  id: 2C51139A1BC489C332CA11AE7D673E4C358A435DF8DD0BC7692482D7F73778A4
2023-12-18 17:22:55.160+0000 INFO  name: system
2023-12-18 17:22:55.162+0000 INFO  creationDate: 2023-12-12T17:17:49.785Z
2023-12-18 17:22:55.163+0000 INFO  Started.
2023-12-18 20:54:37.800+0000 ERROR Client triggered an unexpected error [Neo.DatabaseError.General.UnknownError]: Lexical error at line 1, column 69.  Encountered: <EOF> after : "", reference 5e51f178-1c4a-4e2b-bce5-25cc4b053287.
2023-12-18 20:54:41.899+0000 ERROR Client triggered an unexpected error [Neo.DatabaseError.General.UnknownError]: Lexical error at line 1, column 71.  Encountered: <EOF> after : "", reference 06fc5f82-913d-451d-aa1c-2d371652300b.
2023-12-20 10:42:57.388+0000 INFO  Neo4j Server shutdown initiated by request
2023-12-20 10:42:57.392+0000 INFO  Stopping...
2023-12-20 10:43:02.516+0000 INFO  Stopped.
2023-12-25 16:36:33.467+0000 INFO  Starting...
2023-12-25 16:36:34.025+0000 INFO  This instance is ServerId{f3aead40} (f3aead40-42ec-4c42-8b95-01b98de3f3c5)
2023-12-25 16:36:34.875+0000 INFO  ======== Neo4j 5.3.0 ========
2023-12-25 16:36:38.993+0000 INFO  Bolt enabled on 0.0.0.0:7687.
2023-12-25 16:36:39.817+0000 INFO  Remote interface available at http://localhost:7474/
2023-12-25 16:36:39.824+0000 INFO  id: 2C51139A1BC489C332CA11AE7D673E4C358A435DF8DD0BC7692482D7F73778A4
2023-12-25 16:36:39.826+0000 INFO  name: system
2023-12-25 16:36:39.828+0000 INFO  creationDate: 2023-12-12T17:17:49.785Z
2023-12-25 16:36:39.830+0000 INFO  Started.
2023-12-25 16:36:47.008+0000 INFO  Neo4j Server shutdown initiated by request
2023-12-25 16:36:47.009+0000 INFO  Stopping...
2023-12-25 16:36:52.437+0000 INFO  Stopped.
2023-12-25 16:37:08.703+0000 INFO  Starting...
2023-12-25 16:37:09.313+0000 INFO  This instance is ServerId{f3aead40} (f3aead40-42ec-4c42-8b95-01b98de3f3c5)
2023-12-25 16:37:10.236+0000 INFO  ======== Neo4j 5.3.0 ========
2023-12-25 16:37:13.266+0000 INFO  Bolt enabled on 0.0.0.0:7687.
2023-12-25 16:37:14.018+0000 INFO  Remote interface available at http://localhost:7474/
2023-12-25 16:37:14.025+0000 INFO  id: 2C51139A1BC489C332CA11AE7D673E4C358A435DF8DD0BC7692482D7F73778A4
2023-12-25 16:37:14.027+0000 INFO  name: system
2023-12-25 16:37:14.028+0000 INFO  creationDate: 2023-12-12T17:17:49.785Z
2023-12-25 16:37:14.030+0000 INFO  Started.
2023-12-29 16:24:17.979+0000 INFO  Neo4j Server shutdown initiated by request
2023-12-29 16:24:17.983+0000 INFO  Stopping...
2023-12-29 16:24:23.179+0000 INFO  Stopped.
2023-12-29 18:59:05.495+0000 INFO  Starting...
2023-12-29 18:59:06.099+0000 INFO  This instance is ServerId{f3aead40} (f3aead40-42ec-4c42-8b95-01b98de3f3c5)
2023-12-29 18:59:07.063+0000 INFO  ======== Neo4j 5.3.0 ========
2023-12-29 18:59:11.098+0000 INFO  Bolt enabled on 0.0.0.0:7687.
2023-12-29 18:59:12.346+0000 INFO  Remote interface available at http://localhost:7474/
2023-12-29 18:59:12.355+0000 INFO  id: 2C51139A1BC489C332CA11AE7D673E4C358A435DF8DD0BC7692482D7F73778A4
2023-12-29 18:59:12.357+0000 INFO  name: system
2023-12-29 18:59:12.359+0000 INFO  creationDate: 2023-12-12T17:17:49.785Z
2023-12-29 18:59:12.360+0000 INFO  Started.
2024-01-02 00:02:25.087+0000 INFO  Neo4j Server shutdown initiated by request
2024-01-02 00:02:25.090+0000 INFO  Stopping...
2024-01-02 00:02:30.242+0000 INFO  Stopped.
2024-01-02 13:49:19.829+0000 INFO  Starting...
2024-01-02 13:49:20.380+0000 INFO  This instance is ServerId{f3aead40} (f3aead40-42ec-4c42-8b95-01b98de3f3c5)
2024-01-02 13:49:21.266+0000 INFO  ======== Neo4j 5.3.0 ========
2024-01-02 13:49:25.044+0000 INFO  Bolt enabled on 0.0.0.0:7687.
2024-01-02 13:49:25.918+0000 INFO  Remote interface available at http://localhost:7474/
2024-01-02 13:49:25.927+0000 INFO  id: 2C51139A1BC489C332CA11AE7D673E4C358A435DF8DD0BC7692482D7F73778A4
2024-01-02 13:49:25.929+0000 INFO  name: system
2024-01-02 13:49:25.931+0000 INFO  creationDate: 2023-12-12T17:17:49.785Z
2024-01-02 13:49:25.932+0000 INFO  Started.
2024-01-04 13:20:09.291+0000 INFO  Neo4j Server shutdown initiated by request
2024-01-04 13:20:09.297+0000 INFO  Stopping...
2024-01-04 13:20:14.535+0000 INFO  Stopped.
2024-01-05 14:48:30.357+0000 INFO  Starting...
2024-01-05 14:48:30.970+0000 INFO  This instance is ServerId{f3aead40} (f3aead40-42ec-4c42-8b95-01b98de3f3c5)
2024-01-05 14:48:32.060+0000 INFO  ======== Neo4j 5.3.0 ========
2024-01-05 14:48:36.249+0000 INFO  Bolt enabled on 0.0.0.0:7687.
2024-01-05 14:48:37.291+0000 INFO  Remote interface available at http://localhost:7474/
2024-01-05 14:48:37.298+0000 INFO  id: 2C51139A1BC489C332CA11AE7D673E4C358A435DF8DD0BC7692482D7F73778A4
2024-01-05 14:48:37.301+0000 INFO  name: system
2024-01-05 14:48:37.302+0000 INFO  creationDate: 2023-12-12T17:17:49.785Z
2024-01-05 14:48:37.303+0000 INFO  Started.
2024-01-05 16:06:26.932+0000 INFO  Neo4j Server shutdown initiated by request
2024-01-05 16:06:26.935+0000 INFO  Stopping...
2024-01-05 16:06:32.581+0000 INFO  Stopped.
2024-01-05 23:11:12.101+0000 INFO  Starting...
2024-01-05 23:11:12.948+0000 INFO  This instance is ServerId{f3aead40} (f3aead40-42ec-4c42-8b95-01b98de3f3c5)
2024-01-05 23:11:14.357+0000 INFO  ======== Neo4j 5.3.0 ========
2024-01-05 23:11:23.781+0000 INFO  Bolt enabled on 0.0.0.0:7687.
2024-01-05 23:11:24.937+0000 INFO  Remote interface available at http://localhost:7474/
2024-01-05 23:11:24.945+0000 INFO  id: 2C51139A1BC489C332CA11AE7D673E4C358A435DF8DD0BC7692482D7F73778A4
2024-01-05 23:11:24.946+0000 INFO  name: system
2024-01-05 23:11:24.947+0000 INFO  creationDate: 2023-12-12T17:17:49.785Z
2024-01-05 23:11:24.948+0000 INFO  Started.
2024-01-07 02:52:00.124+0000 INFO  Neo4j Server shutdown initiated by request
2024-01-07 02:52:00.127+0000 INFO  Stopping...
2024-01-07 02:52:05.363+0000 INFO  Stopped.
2024-01-07 14:54:13.787+0000 INFO  Starting...
2024-01-07 14:54:14.333+0000 INFO  This instance is ServerId{f3aead40} (f3aead40-42ec-4c42-8b95-01b98de3f3c5)
2024-01-07 14:54:15.338+0000 INFO  ======== Neo4j 5.3.0 ========
2024-01-07 14:54:18.410+0000 INFO  Bolt enabled on 0.0.0.0:7687.
2024-01-07 14:54:19.245+0000 INFO  Remote interface available at http://localhost:7474/
2024-01-07 14:54:19.251+0000 INFO  id: 2C51139A1BC489C332CA11AE7D673E4C358A435DF8DD0BC7692482D7F73778A4
2024-01-07 14:54:19.252+0000 INFO  name: system
2024-01-07 14:54:19.253+0000 INFO  creationDate: 2023-12-12T17:17:49.785Z
2024-01-07 14:54:19.254+0000 INFO  Started.
2024-01-07 16:16:36.047+0000 INFO  Neo4j Server shutdown initiated by request
2024-01-07 16:16:36.050+0000 INFO  Stopping...
2024-01-07 16:16:41.189+0000 INFO  Stopped.
2024-01-07 20:19:19.998+0000 INFO  Starting...
2024-01-07 20:19:20.722+0000 INFO  This instance is ServerId{f3aead40} (f3aead40-42ec-4c42-8b95-01b98de3f3c5)
2024-01-07 20:19:21.911+0000 INFO  ======== Neo4j 5.3.0 ========
2024-01-07 20:19:25.847+0000 INFO  Bolt enabled on 0.0.0.0:7687.
2024-01-07 20:19:26.664+0000 INFO  Remote interface available at http://localhost:7474/
2024-01-07 20:19:26.669+0000 INFO  id: 2C51139A1BC489C332CA11AE7D673E4C358A435DF8DD0BC7692482D7F73778A4
2024-01-07 20:19:26.671+0000 INFO  name: system
2024-01-07 20:19:26.672+0000 INFO  creationDate: 2023-12-12T17:17:49.785Z
2024-01-07 20:19:26.673+0000 INFO  Started.
2024-01-07 23:26:01.206+0000 INFO  Neo4j Server shutdown initiated by request
2024-01-07 23:26:01.208+0000 INFO  Stopping...
2024-01-07 23:26:06.320+0000 INFO  Stopped.
2024-01-08 10:55:02.012+0000 INFO  Starting...
2024-01-08 10:55:02.571+0000 INFO  This instance is ServerId{f3aead40} (f3aead40-42ec-4c42-8b95-01b98de3f3c5)
2024-01-08 10:55:03.384+0000 INFO  ======== Neo4j 5.3.0 ========
2024-01-08 10:55:07.223+0000 INFO  Bolt enabled on 0.0.0.0:7687.
2024-01-08 10:55:07.897+0000 INFO  Remote interface available at http://localhost:7474/
2024-01-08 10:55:07.902+0000 INFO  id: 2C51139A1BC489C332CA11AE7D673E4C358A435DF8DD0BC7692482D7F73778A4
2024-01-08 10:55:07.903+0000 INFO  name: system
2024-01-08 10:55:07.904+0000 INFO  creationDate: 2023-12-12T17:17:49.785Z
2024-01-08 10:55:07.905+0000 INFO  Started.
2024-01-08 17:34:18.623+0000 ERROR Client triggered an unexpected error [Neo.DatabaseError.General.UnknownError]: Lexical error at line 1, column 51.  Encountered: <EOF> after : "", reference 0c609322-613c-4861-983e-bef4ebfa53de.
2024-01-09 01:05:26.420+0000 INFO  Neo4j Server shutdown initiated by request
2024-01-09 01:05:26.423+0000 INFO  Stopping...
2024-01-09 01:05:31.622+0000 INFO  Stopped.
2024-01-09 14:29:45.565+0000 INFO  Starting...
2024-01-09 14:29:46.094+0000 INFO  This instance is ServerId{f3aead40} (f3aead40-42ec-4c42-8b95-01b98de3f3c5)
2024-01-09 14:29:46.934+0000 INFO  ======== Neo4j 5.3.0 ========
2024-01-09 14:29:50.593+0000 INFO  Bolt enabled on 0.0.0.0:7687.
2024-01-09 14:29:51.423+0000 INFO  Remote interface available at http://localhost:7474/
2024-01-09 14:29:51.430+0000 INFO  id: 2C51139A1BC489C332CA11AE7D673E4C358A435DF8DD0BC7692482D7F73778A4
2024-01-09 14:29:51.431+0000 INFO  name: system
2024-01-09 14:29:51.432+0000 INFO  creationDate: 2023-12-12T17:17:49.785Z
2024-01-09 14:29:51.433+0000 INFO  Started.
2024-01-09 19:23:14.375+0000 INFO  Neo4j Server shutdown initiated by request
2024-01-09 19:23:14.376+0000 INFO  Stopping...
2024-01-09 19:23:19.452+0000 INFO  Stopped.
2024-01-10 11:05:16.372+0000 INFO  Starting...
2024-01-10 11:05:16.963+0000 INFO  This instance is ServerId{f3aead40} (f3aead40-42ec-4c42-8b95-01b98de3f3c5)
2024-01-10 11:05:18.057+0000 INFO  ======== Neo4j 5.3.0 ========
2024-01-10 11:05:21.613+0000 INFO  Bolt enabled on 0.0.0.0:7687.
2024-01-10 11:05:22.804+0000 INFO  Remote interface available at http://localhost:7474/
2024-01-10 11:05:22.810+0000 INFO  id: 2C51139A1BC489C332CA11AE7D673E4C358A435DF8DD0BC7692482D7F73778A4
2024-01-10 11:05:22.812+0000 INFO  name: system
2024-01-10 11:05:22.813+0000 INFO  creationDate: 2023-12-12T17:17:49.785Z
2024-01-10 11:05:22.814+0000 INFO  Started.
2024-01-10 11:36:02.601+0000 INFO  Neo4j Server shutdown initiated by request
2024-01-10 11:36:02.602+0000 INFO  Stopping...
2024-01-10 11:36:08.078+0000 INFO  Stopped.
2024-01-10 12:03:09.427+0000 INFO  Starting...
2024-01-10 12:03:09.917+0000 INFO  This instance is ServerId{f3aead40} (f3aead40-42ec-4c42-8b95-01b98de3f3c5)
2024-01-10 12:03:10.736+0000 INFO  ======== Neo4j 5.3.0 ========
2024-01-10 12:03:13.833+0000 INFO  Bolt enabled on 0.0.0.0:7687.
2024-01-10 12:03:14.709+0000 INFO  Remote interface available at http://localhost:7474/
2024-01-10 12:03:14.717+0000 INFO  id: 2C51139A1BC489C332CA11AE7D673E4C358A435DF8DD0BC7692482D7F73778A4
2024-01-10 12:03:14.718+0000 INFO  name: system
2024-01-10 12:03:14.719+0000 INFO  creationDate: 2023-12-12T17:17:49.785Z
2024-01-10 12:03:14.720+0000 INFO  Started.
2024-01-11 12:43:08.133+0000 INFO  Neo4j Server shutdown initiated by request
2024-01-11 12:43:08.160+0000 INFO  Stopping...
2024-01-11 12:43:14.106+0000 INFO  Stopped.
2024-01-11 13:05:18.097+0000 INFO  Starting...
2024-01-11 13:05:18.581+0000 INFO  This instance is ServerId{f3aead40} (f3aead40-42ec-4c42-8b95-01b98de3f3c5)
2024-01-11 13:05:19.747+0000 INFO  ======== Neo4j 5.3.0 ========
2024-01-11 13:05:23.536+0000 INFO  Bolt enabled on 0.0.0.0:7687.
2024-01-11 13:05:24.788+0000 INFO  Remote interface available at http://localhost:7474/
2024-01-11 13:05:24.793+0000 INFO  id: 2C51139A1BC489C332CA11AE7D673E4C358A435DF8DD0BC7692482D7F73778A4
2024-01-11 13:05:24.795+0000 INFO  name: system
2024-01-11 13:05:24.797+0000 INFO  creationDate: 2023-12-12T17:17:49.785Z
2024-01-11 13:05:24.798+0000 INFO  Started.
2024-01-11 13:31:32.815+0000 INFO  Neo4j Server shutdown initiated by request
2024-01-11 13:31:32.817+0000 INFO  Stopping...
2024-01-11 13:31:37.895+0000 INFO  Stopped.
2024-01-11 18:17:33.235+0000 INFO  Starting...
2024-01-11 18:17:33.777+0000 INFO  This instance is ServerId{f3aead40} (f3aead40-42ec-4c42-8b95-01b98de3f3c5)
2024-01-11 18:17:34.742+0000 INFO  ======== Neo4j 5.3.0 ========
2024-01-11 18:17:38.140+0000 INFO  Bolt enabled on 0.0.0.0:7687.
2024-01-11 18:17:38.971+0000 INFO  Remote interface available at http://localhost:7474/
2024-01-11 18:17:38.975+0000 INFO  id: 2C51139A1BC489C332CA11AE7D673E4C358A435DF8DD0BC7692482D7F73778A4
2024-01-11 18:17:38.977+0000 INFO  name: system
2024-01-11 18:17:38.978+0000 INFO  creationDate: 2023-12-12T17:17:49.785Z
2024-01-11 18:17:38.979+0000 INFO  Started.
2024-01-12 00:02:38.538+0000 INFO  Neo4j Server shutdown initiated by request
2024-01-12 00:02:38.540+0000 INFO  Stopping...
2024-01-12 00:02:43.640+0000 INFO  Stopped.
2024-01-12 13:36:51.833+0000 INFO  Starting...
2024-01-12 13:36:52.423+0000 INFO  This instance is ServerId{f3aead40} (f3aead40-42ec-4c42-8b95-01b98de3f3c5)
2024-01-12 13:36:54.133+0000 INFO  ======== Neo4j 5.3.0 ========
2024-01-12 13:37:00.682+0000 INFO  Bolt enabled on 0.0.0.0:7687.
2024-01-12 13:37:01.634+0000 INFO  Remote interface available at http://localhost:7474/
2024-01-12 13:37:01.640+0000 INFO  id: 2C51139A1BC489C332CA11AE7D673E4C358A435DF8DD0BC7692482D7F73778A4
2024-01-12 13:37:01.641+0000 INFO  name: system
2024-01-12 13:37:01.642+0000 INFO  creationDate: 2023-12-12T17:17:49.785Z
2024-01-12 13:37:01.643+0000 INFO  Started.
2024-01-13 15:02:51.754+0000 INFO  Neo4j Server shutdown initiated by request
2024-01-13 15:02:51.759+0000 INFO  Stopping...
2024-01-13 15:02:56.906+0000 INFO  Stopped.
2024-01-15 11:01:28.909+0000 INFO  Starting...
2024-01-15 11:01:29.583+0000 INFO  This instance is ServerId{f3aead40} (f3aead40-42ec-4c42-8b95-01b98de3f3c5)
2024-01-15 11:01:30.808+0000 INFO  ======== Neo4j 5.3.0 ========
2024-01-15 11:01:34.872+0000 INFO  Bolt enabled on 0.0.0.0:7687.
2024-01-15 11:01:35.970+0000 INFO  Remote interface available at http://localhost:7474/
2024-01-15 11:01:35.977+0000 INFO  id: 2C51139A1BC489C332CA11AE7D673E4C358A435DF8DD0BC7692482D7F73778A4
2024-01-15 11:01:35.979+0000 INFO  name: system
2024-01-15 11:01:35.983+0000 INFO  creationDate: 2023-12-12T17:17:49.785Z
2024-01-15 11:01:35.986+0000 INFO  Started.
2024-01-15 11:11:19.008+0000 INFO  Neo4j Server shutdown initiated by request
2024-01-15 11:11:19.009+0000 INFO  Stopping...
2024-01-15 11:11:24.482+0000 INFO  Stopped.
2024-01-15 12:10:18.850+0000 INFO  Starting...
2024-01-15 12:10:19.346+0000 INFO  This instance is ServerId{f3aead40} (f3aead40-42ec-4c42-8b95-01b98de3f3c5)
2024-01-15 12:10:20.183+0000 INFO  ======== Neo4j 5.3.0 ========
2024-01-15 12:10:23.327+0000 INFO  Bolt enabled on 0.0.0.0:7687.
2024-01-15 12:10:24.262+0000 INFO  Remote interface available at http://localhost:7474/
2024-01-15 12:10:24.267+0000 INFO  id: 2C51139A1BC489C332CA11AE7D673E4C358A435DF8DD0BC7692482D7F73778A4
2024-01-15 12:10:24.269+0000 INFO  name: system
2024-01-15 12:10:24.270+0000 INFO  creationDate: 2023-12-12T17:17:49.785Z
2024-01-15 12:10:24.271+0000 INFO  Started.
2024-01-15 12:12:37.339+0000 INFO  Neo4j Server shutdown initiated by request
2024-01-15 12:12:37.340+0000 INFO  Stopping...
2024-01-15 12:12:42.810+0000 INFO  Stopped.
2024-01-16 17:20:41.901+0000 INFO  Starting...
2024-01-16 17:20:42.480+0000 INFO  This instance is ServerId{f3aead40} (f3aead40-42ec-4c42-8b95-01b98de3f3c5)
2024-01-16 17:20:43.834+0000 INFO  ======== Neo4j 5.3.0 ========
2024-01-16 17:20:48.521+0000 INFO  Bolt enabled on 0.0.0.0:7687.
2024-01-16 17:20:49.723+0000 INFO  Remote interface available at http://localhost:7474/
2024-01-16 17:20:49.729+0000 INFO  id: 2C51139A1BC489C332CA11AE7D673E4C358A435DF8DD0BC7692482D7F73778A4
2024-01-16 17:20:49.730+0000 INFO  name: system
2024-01-16 17:20:49.731+0000 INFO  creationDate: 2023-12-12T17:17:49.785Z
2024-01-16 17:20:49.732+0000 INFO  Started.
2024-01-16 17:56:15.456+0000 INFO  Neo4j Server shutdown initiated by request
2024-01-16 17:56:15.458+0000 INFO  Stopping...
2024-01-16 17:56:20.503+0000 INFO  Stopped.
2024-01-16 18:28:50.338+0000 INFO  Starting...
2024-01-16 18:28:50.980+0000 INFO  This instance is ServerId{f3aead40} (f3aead40-42ec-4c42-8b95-01b98de3f3c5)
2024-01-16 18:28:52.092+0000 INFO  ======== Neo4j 5.3.0 ========
2024-01-16 18:28:55.652+0000 INFO  Bolt enabled on 0.0.0.0:7687.
2024-01-16 18:28:56.752+0000 INFO  Remote interface available at http://localhost:7474/
2024-01-16 18:28:56.759+0000 INFO  id: 2C51139A1BC489C332CA11AE7D673E4C358A435DF8DD0BC7692482D7F73778A4
2024-01-16 18:28:56.762+0000 INFO  name: system
2024-01-16 18:28:56.764+0000 INFO  creationDate: 2023-12-12T17:17:49.785Z
2024-01-16 18:28:56.765+0000 INFO  Started.
2024-01-16 18:33:51.731+0000 INFO  Neo4j Server shutdown initiated by request
2024-01-16 18:33:51.733+0000 INFO  Stopping...
2024-01-16 18:33:56.814+0000 INFO  Stopped.
2024-01-16 18:36:58.506+0000 INFO  Starting...
2024-01-16 18:36:59.127+0000 INFO  This instance is ServerId{f3aead40} (f3aead40-42ec-4c42-8b95-01b98de3f3c5)
2024-01-16 18:36:59.986+0000 INFO  ======== Neo4j 5.3.0 ========
2024-01-16 18:37:03.267+0000 INFO  Bolt enabled on 0.0.0.0:7687.
2024-01-16 18:37:04.052+0000 INFO  Remote interface available at http://localhost:7474/
2024-01-16 18:37:04.058+0000 INFO  id: 2C51139A1BC489C332CA11AE7D673E4C358A435DF8DD0BC7692482D7F73778A4
2024-01-16 18:37:04.059+0000 INFO  name: system
2024-01-16 18:37:04.060+0000 INFO  creationDate: 2023-12-12T17:17:49.785Z
2024-01-16 18:37:04.061+0000 INFO  Started.
2024-01-16 19:10:36.289+0000 INFO  Neo4j Server shutdown initiated by request
2024-01-16 19:10:36.291+0000 INFO  Stopping...
2024-01-16 19:10:41.348+0000 INFO  Stopped.
2024-01-17 14:20:02.270+0000 INFO  Starting...
2024-01-17 14:20:02.881+0000 INFO  This instance is ServerId{f3aead40} (f3aead40-42ec-4c42-8b95-01b98de3f3c5)
2024-01-17 14:20:03.743+0000 INFO  ======== Neo4j 5.3.0 ========
2024-01-17 14:20:07.381+0000 INFO  Bolt enabled on 0.0.0.0:7687.
2024-01-17 14:20:08.118+0000 INFO  Remote interface available at http://localhost:7474/
2024-01-17 14:20:08.123+0000 INFO  id: 2C51139A1BC489C332CA11AE7D673E4C358A435DF8DD0BC7692482D7F73778A4
2024-01-17 14:20:08.124+0000 INFO  name: system
2024-01-17 14:20:08.125+0000 INFO  creationDate: 2023-12-12T17:17:49.785Z
2024-01-17 14:20:08.126+0000 INFO  Started.
2024-01-18 09:01:21.175+0000 INFO  Neo4j Server shutdown initiated by request
2024-01-18 09:01:21.194+0000 INFO  Stopping...
2024-01-18 09:01:27.062+0000 INFO  Stopped.
2024-01-18 09:01:36.714+0000 INFO  Starting...
2024-01-18 09:01:37.323+0000 INFO  This instance is ServerId{f3aead40} (f3aead40-42ec-4c42-8b95-01b98de3f3c5)
2024-01-18 09:01:38.185+0000 INFO  ======== Neo4j 5.3.0 ========
2024-01-18 09:01:43.584+0000 INFO  Bolt enabled on 0.0.0.0:7687.
2024-01-18 09:01:44.619+0000 INFO  Remote interface available at http://localhost:7474/
2024-01-18 09:01:44.625+0000 INFO  id: 2C51139A1BC489C332CA11AE7D673E4C358A435DF8DD0BC7692482D7F73778A4
2024-01-18 09:01:44.627+0000 INFO  name: system
2024-01-18 09:01:44.628+0000 INFO  creationDate: 2023-12-12T17:17:49.785Z
2024-01-18 09:01:44.629+0000 INFO  Started.
2024-01-20 19:13:10.201+0000 INFO  Neo4j Server shutdown initiated by request
2024-01-20 19:13:10.220+0000 INFO  Stopping...
2024-01-20 19:13:15.710+0000 INFO  Stopped.
2024-01-22 17:50:13.792+0000 INFO  Starting...
2024-01-22 17:50:14.360+0000 INFO  This instance is ServerId{f3aead40} (f3aead40-42ec-4c42-8b95-01b98de3f3c5)
2024-01-22 17:50:15.438+0000 INFO  ======== Neo4j 5.3.0 ========
2024-01-22 17:50:19.351+0000 INFO  Bolt enabled on 0.0.0.0:7687.
2024-01-22 17:50:20.095+0000 INFO  Remote interface available at http://localhost:7474/
2024-01-22 17:50:20.099+0000 INFO  id: 2C51139A1BC489C332CA11AE7D673E4C358A435DF8DD0BC7692482D7F73778A4
2024-01-22 17:50:20.101+0000 INFO  name: system
2024-01-22 17:50:20.102+0000 INFO  creationDate: 2023-12-12T17:17:49.785Z
2024-01-22 17:50:20.103+0000 INFO  Started.
2024-01-22 17:59:46.898+0000 INFO  Neo4j Server shutdown initiated by request
2024-01-22 17:59:46.901+0000 INFO  Stopping...
2024-01-22 17:59:52.268+0000 INFO  Stopped.
2024-01-23 00:47:47.962+0000 INFO  Starting...
2024-01-23 00:47:48.502+0000 INFO  This instance is ServerId{f3aead40} (f3aead40-42ec-4c42-8b95-01b98de3f3c5)
2024-01-23 00:47:49.510+0000 INFO  ======== Neo4j 5.3.0 ========
2024-01-23 00:47:53.295+0000 INFO  Bolt enabled on 0.0.0.0:7687.
2024-01-23 00:47:54.101+0000 INFO  Remote interface available at http://localhost:7474/
2024-01-23 00:47:54.108+0000 INFO  id: 2C51139A1BC489C332CA11AE7D673E4C358A435DF8DD0BC7692482D7F73778A4
2024-01-23 00:47:54.109+0000 INFO  name: system
2024-01-23 00:47:54.110+0000 INFO  creationDate: 2023-12-12T17:17:49.785Z
2024-01-23 00:47:54.111+0000 INFO  Started.
2024-01-23 01:40:00.018+0000 INFO  Neo4j Server shutdown initiated by request
2024-01-23 01:40:00.024+0000 INFO  Stopping...
2024-01-23 01:40:05.729+0000 INFO  Stopped.
2024-01-23 15:10:29.336+0000 INFO  Starting...
2024-01-23 15:10:30.107+0000 INFO  This instance is ServerId{f3aead40} (f3aead40-42ec-4c42-8b95-01b98de3f3c5)
2024-01-23 15:10:31.437+0000 INFO  ======== Neo4j 5.3.0 ========
2024-01-23 15:10:36.841+0000 INFO  Bolt enabled on 0.0.0.0:7687.
2024-01-23 15:10:38.143+0000 INFO  Remote interface available at http://localhost:7474/
2024-01-23 15:10:38.149+0000 INFO  id: 2C51139A1BC489C332CA11AE7D673E4C358A435DF8DD0BC7692482D7F73778A4
2024-01-23 15:10:38.151+0000 INFO  name: system
2024-01-23 15:10:38.152+0000 INFO  creationDate: 2023-12-12T17:17:49.785Z
2024-01-23 15:10:38.153+0000 INFO  Started.
2023-12-25 13:34:09.898+0000 INFO  Neo4j Server shutdown initiated by request
2023-12-25 13:34:09.976+0000 INFO  Stopping...
2024-01-25 15:33:26.530+0000 INFO  Stopped.
2024-01-25 23:12:02.162+0000 INFO  Starting...
2024-01-25 23:12:02.924+0000 INFO  This instance is ServerId{f3aead40} (f3aead40-42ec-4c42-8b95-01b98de3f3c5)
2024-01-25 23:12:04.122+0000 INFO  ======== Neo4j 5.3.0 ========
2024-01-25 23:12:09.130+0000 INFO  Bolt enabled on 0.0.0.0:7687.
2024-01-25 23:12:10.034+0000 INFO  Remote interface available at http://localhost:7474/
2024-01-25 23:12:10.038+0000 INFO  id: 2C51139A1BC489C332CA11AE7D673E4C358A435DF8DD0BC7692482D7F73778A4
2024-01-25 23:12:10.040+0000 INFO  name: system
2024-01-25 23:12:10.041+0000 INFO  creationDate: 2023-12-12T17:17:49.785Z
2024-01-25 23:12:10.042+0000 INFO  Started.
2024-01-26 00:15:11.077+0000 INFO  Neo4j Server shutdown initiated by request
2024-01-26 00:15:11.080+0000 INFO  Stopping...
2024-01-26 00:15:16.241+0000 INFO  Stopped.
2024-01-30 13:50:33.554+0000 INFO  Starting...
2024-01-30 13:50:34.261+0000 INFO  This instance is ServerId{f3aead40} (f3aead40-42ec-4c42-8b95-01b98de3f3c5)
2024-01-30 13:50:35.454+0000 INFO  ======== Neo4j 5.3.0 ========
2024-01-30 13:50:39.661+0000 INFO  Bolt enabled on 0.0.0.0:7687.
2024-01-30 13:50:40.429+0000 INFO  Remote interface available at http://localhost:7474/
2024-01-30 13:50:40.433+0000 INFO  id: 2C51139A1BC489C332CA11AE7D673E4C358A435DF8DD0BC7692482D7F73778A4
2024-01-30 13:50:40.435+0000 INFO  name: system
2024-01-30 13:50:40.436+0000 INFO  creationDate: 2023-12-12T17:17:49.785Z
2024-01-30 13:50:40.437+0000 INFO  Started.
2024-01-30 16:13:14.846+0000 INFO  Neo4j Server shutdown initiated by request
2024-01-30 16:13:14.848+0000 INFO  Stopping...
2024-01-30 16:13:19.964+0000 INFO  Stopped.
2024-02-01 10:56:57.739+0000 INFO  Starting...
2024-02-01 10:56:58.350+0000 INFO  This instance is ServerId{f3aead40} (f3aead40-42ec-4c42-8b95-01b98de3f3c5)
2024-02-01 10:56:59.213+0000 INFO  ======== Neo4j 5.3.0 ========
2024-02-01 10:57:03.272+0000 INFO  Bolt enabled on 0.0.0.0:7687.
2024-02-01 10:57:04.061+0000 INFO  Remote interface available at http://localhost:7474/
2024-02-01 10:57:04.065+0000 INFO  id: 2C51139A1BC489C332CA11AE7D673E4C358A435DF8DD0BC7692482D7F73778A4
2024-02-01 10:57:04.067+0000 INFO  name: system
2024-02-01 10:57:04.068+0000 INFO  creationDate: 2023-12-12T17:17:49.785Z
2024-02-01 10:57:04.069+0000 INFO  Started.
2024-02-01 13:02:19.121+0000 INFO  Neo4j Server shutdown initiated by request
2024-02-01 13:02:19.123+0000 INFO  Stopping...
2024-02-01 13:02:24.215+0000 INFO  Stopped.
